This is pdfTeX, Version 3.14159265-2.6-1.40.16 (TeX Live 2015/Debian) (preloaded format=pdflatex 2018.2.1)  23 MAY 2018 15:11
entering extended mode
 restricted \write18 enabled.
 %&-line parsing enabled.
**Thesis.tex
(./Thesis.tex
LaTeX2e <2016/02/01>
Babel <3.9q> and hyphenation patterns for 8 language(s) loaded.
(/usr/share/texlive/texmf-dist/tex/latex/koma-script/scrartcl.cls
Document Class: scrartcl 2015/10/03 v3.19a KOMA-Script document class (article)

(/usr/share/texlive/texmf-dist/tex/latex/koma-script/scrkbase.sty
Package: scrkbase 2015/10/03 v3.19a KOMA-Script package (KOMA-Script-dependent 
basics and keyval usage)

(/usr/share/texlive/texmf-dist/tex/latex/koma-script/scrbase.sty
Package: scrbase 2015/10/03 v3.19a KOMA-Script package (KOMA-Script-independent
 basics and keyval usage)

(/usr/share/texlive/texmf-dist/tex/latex/graphics/keyval.sty
Package: keyval 2014/10/28 v1.15 key=value parser (DPC)
\KV@toks@=\toks14
)
(/usr/share/texlive/texmf-dist/tex/latex/koma-script/scrlfile.sty
Package: scrlfile 2015/10/03 v3.19a KOMA-Script package (loading files)

Package scrlfile, 2015/10/03 v3.19a KOMA-Script package (loading files)
                  Copyright (C) Markus Kohm

))) (/usr/share/texlive/texmf-dist/tex/latex/koma-script/tocbasic.sty
Package: tocbasic 2015/10/03 v3.19a KOMA-Script package (handling toc-files)
)
Package tocbasic Info: omitting babel extension for `toc'
(tocbasic)             because of feature `nobabel' available
(tocbasic)             for `toc' on input line 123.
Package tocbasic Info: omitting babel extension for `lof'
(tocbasic)             because of feature `nobabel' available
(tocbasic)             for `lof' on input line 124.
Package tocbasic Info: omitting babel extension for `lot'
(tocbasic)             because of feature `nobabel' available
(tocbasic)             for `lot' on input line 125.
Class scrartcl Info: File `scrsize11pt.clo' used instead of
(scrartcl)           file `scrsize11.clo' to setup font sizes on input line 203
3.

(/usr/share/texlive/texmf-dist/tex/latex/koma-script/scrsize11pt.clo
File: scrsize11pt.clo 2015/10/03 v3.19a KOMA-Script font size class option (11p
t)
)
(/usr/share/texlive/texmf-dist/tex/latex/koma-script/typearea.sty
Package: typearea 2015/10/03 v3.19a KOMA-Script package (type area)

Package typearea, 2015/10/03 v3.19a KOMA-Script package (type area)
                  Copyright (C) Frank Neukam, 1992-1994
                  Copyright (C) Markus Kohm, 1994-

\ta@bcor=\skip41
\ta@div=\count79
\ta@hblk=\skip42
\ta@vblk=\skip43
\ta@temp=\skip44
\footheight=\skip45
Package typearea Info: These are the values describing the layout:
(typearea)             DIV  = 10
(typearea)             BCOR = 0.0pt
(typearea)             \paperwidth      = 597.50793pt
(typearea)              \textwidth      = 418.25555pt
(typearea)              DIV departure   = -6%
(typearea)              \evensidemargin = 17.3562pt
(typearea)              \oddsidemargin  = 17.3562pt
(typearea)             \paperheight     = 845.04694pt
(typearea)              \textheight     = 595.80026pt
(typearea)              \topmargin      = -25.16531pt
(typearea)              \headheight     = 17.0pt
(typearea)              \headsep        = 20.40001pt
(typearea)              \topskip        = 11.0pt
(typearea)              \footskip       = 47.6pt
(typearea)              \baselineskip   = 13.6pt
(typearea)              on input line 1509.
)
\c@part=\count80
\c@section=\count81
\c@subsection=\count82
\c@subsubsection=\count83
\c@paragraph=\count84
\c@subparagraph=\count85
LaTeX Info: Redefining \textsubscript on input line 3906.
\abovecaptionskip=\skip46
\belowcaptionskip=\skip47
\c@pti@nb@sid@b@x=\box26
\c@figure=\count86
\c@table=\count87
\bibindent=\dimen102
) (/usr/share/texlive/texmf-dist/tex/latex/natbib/natbib.sty
Package: natbib 2010/09/13 8.31b (PWD, AO)
\bibhang=\skip48
\bibsep=\skip49
LaTeX Info: Redefining \cite on input line 694.
\c@NAT@ctr=\count88
)
(/usr/share/texlive/texmf-dist/tex/latex/base/fontenc.sty
Package: fontenc 2005/09/27 v1.99g Standard LaTeX package

(/usr/share/texlive/texmf-dist/tex/latex/base/t1enc.def
File: t1enc.def 2005/09/27 v1.99g Standard LaTeX file
LaTeX Font Info:    Redeclaring font encoding T1 on input line 48.
))
(/usr/share/texlive/texmf-dist/tex/latex/graphics/graphicx.sty
Package: graphicx 2014/10/28 v1.0g Enhanced LaTeX Graphics (DPC,SPQR)

(/usr/share/texlive/texmf-dist/tex/latex/graphics/graphics.sty
Package: graphics 2016/01/03 v1.0q Standard LaTeX Graphics (DPC,SPQR)

(/usr/share/texlive/texmf-dist/tex/latex/graphics/trig.sty
Package: trig 2016/01/03 v1.10 sin cos tan (DPC)
)
(/usr/share/texlive/texmf-dist/tex/latex/latexconfig/graphics.cfg
File: graphics.cfg 2010/04/23 v1.9 graphics configuration of TeX Live
)
Package graphics Info: Driver file: pdftex.def on input line 95.

(/usr/share/texlive/texmf-dist/tex/latex/pdftex-def/pdftex.def
File: pdftex.def 2011/05/27 v0.06d Graphics/color for pdfTeX

(/usr/share/texlive/texmf-dist/tex/generic/oberdiek/infwarerr.sty
Package: infwarerr 2010/04/08 v1.3 Providing info/warning/error messages (HO)
)
(/usr/share/texlive/texmf-dist/tex/generic/oberdiek/ltxcmds.sty
Package: ltxcmds 2011/11/09 v1.22 LaTeX kernel commands for general use (HO)
)
\Gread@gobject=\count89
))
\Gin@req@height=\dimen103
\Gin@req@width=\dimen104
)
(/usr/share/texlive/texmf-dist/tex/latex/amsmath/amsmath.sty
Package: amsmath 2016/03/03 v2.15a AMS math features
\@mathmargin=\skip50

For additional information on amsmath, use the `?' option.
(/usr/share/texlive/texmf-dist/tex/latex/amsmath/amstext.sty
Package: amstext 2000/06/29 v2.01 AMS text

(/usr/share/texlive/texmf-dist/tex/latex/amsmath/amsgen.sty
File: amsgen.sty 1999/11/30 v2.0 generic functions
\@emptytoks=\toks15
\ex@=\dimen105
))
(/usr/share/texlive/texmf-dist/tex/latex/amsmath/amsbsy.sty
Package: amsbsy 1999/11/29 v1.2d Bold Symbols
\pmbraise@=\dimen106
)
(/usr/share/texlive/texmf-dist/tex/latex/amsmath/amsopn.sty
Package: amsopn 1999/12/14 v2.01 operator names
)
\inf@bad=\count90
LaTeX Info: Redefining \frac on input line 199.
\uproot@=\count91
\leftroot@=\count92
LaTeX Info: Redefining \overline on input line 297.
\classnum@=\count93
\DOTSCASE@=\count94
LaTeX Info: Redefining \ldots on input line 394.
LaTeX Info: Redefining \dots on input line 397.
LaTeX Info: Redefining \cdots on input line 518.
\Mathstrutbox@=\box27
\strutbox@=\box28
\big@size=\dimen107
LaTeX Font Info:    Redeclaring font encoding OML on input line 630.
LaTeX Font Info:    Redeclaring font encoding OMS on input line 631.
\macc@depth=\count95
\c@MaxMatrixCols=\count96
\dotsspace@=\muskip10
\c@parentequation=\count97
\dspbrk@lvl=\count98
\tag@help=\toks16
\row@=\count99
\column@=\count100
\maxfields@=\count101
\andhelp@=\toks17
\eqnshift@=\dimen108
\alignsep@=\dimen109
\tagshift@=\dimen110
\tagwidth@=\dimen111
\totwidth@=\dimen112
\lineht@=\dimen113
\@envbody=\toks18
\multlinegap=\skip51
\multlinetaggap=\skip52
\mathdisplay@stack=\toks19
LaTeX Info: Redefining \[ on input line 2735.
LaTeX Info: Redefining \] on input line 2736.
)
(/usr/share/texlive/texmf-dist/tex/latex/amsfonts/amssymb.sty
Package: amssymb 2013/01/14 v3.01 AMS font symbols

(/usr/share/texlive/texmf-dist/tex/latex/amsfonts/amsfonts.sty
Package: amsfonts 2013/01/14 v3.01 Basic AMSFonts support
\symAMSa=\mathgroup4
\symAMSb=\mathgroup5
LaTeX Font Info:    Overwriting math alphabet `\mathfrak' in version `bold'
(Font)                  U/euf/m/n --> U/euf/b/n on input line 106.
))
(/usr/share/texlive/texmf-dist/tex/latex/jknapltx/mathrsfs.sty
Package: mathrsfs 1996/01/01 Math RSFS package v1.0 (jk)
\symrsfs=\mathgroup6
) (./Thesis.aux

LaTeX Warning: Label `fig:csc' multiply defined.


LaTeX Warning: Label `fig:runtime' multiply defined.

)
\openout1 = `Thesis.aux'.

LaTeX Font Info:    Checking defaults for OML/cmm/m/it on input line 11.
LaTeX Font Info:    ... okay on input line 11.
LaTeX Font Info:    Checking defaults for T1/cmr/m/n on input line 11.
LaTeX Font Info:    ... okay on input line 11.
LaTeX Font Info:    Checking defaults for OT1/cmr/m/n on input line 11.
LaTeX Font Info:    ... okay on input line 11.
LaTeX Font Info:    Checking defaults for OMS/cmsy/m/n on input line 11.
LaTeX Font Info:    ... okay on input line 11.
LaTeX Font Info:    Checking defaults for OMX/cmex/m/n on input line 11.
LaTeX Font Info:    ... okay on input line 11.
LaTeX Font Info:    Checking defaults for U/cmr/m/n on input line 11.
LaTeX Font Info:    ... okay on input line 11.
 (/usr/share/texlive/texmf-dist/tex/context/base/supp-pdf.mkii
[Loading MPS to PDF converter (version 2006.09.02).]
\scratchcounter=\count102
\scratchdimen=\dimen114
\scratchbox=\box29
\nofMPsegments=\count103
\nofMParguments=\count104
\everyMPshowfont=\toks20
\MPscratchCnt=\count105
\MPscratchDim=\dimen115
\MPnumerator=\count106
\makeMPintoPDFobject=\count107
\everyMPtoPDFconversion=\toks21
) (/usr/share/texlive/texmf-dist/tex/generic/oberdiek/pdftexcmds.sty
Package: pdftexcmds 2011/11/29 v0.20 Utility functions of pdfTeX for LuaTeX (HO
)

(/usr/share/texlive/texmf-dist/tex/generic/oberdiek/ifluatex.sty
Package: ifluatex 2010/03/01 v1.3 Provides the ifluatex switch (HO)
Package ifluatex Info: LuaTeX not detected.
)
(/usr/share/texlive/texmf-dist/tex/generic/oberdiek/ifpdf.sty
Package: ifpdf 2011/01/30 v2.3 Provides the ifpdf switch (HO)
Package ifpdf Info: pdfTeX in PDF mode is detected.
)
Package pdftexcmds Info: LuaTeX not detected.
Package pdftexcmds Info: \pdf@primitive is available.
Package pdftexcmds Info: \pdf@ifprimitive is available.
Package pdftexcmds Info: \pdfdraftmode found.
)
(/usr/share/texlive/texmf-dist/tex/latex/oberdiek/epstopdf-base.sty
Package: epstopdf-base 2010/02/09 v2.5 Base part for package epstopdf

(/usr/share/texlive/texmf-dist/tex/latex/oberdiek/grfext.sty
Package: grfext 2010/08/19 v1.1 Manage graphics extensions (HO)

(/usr/share/texlive/texmf-dist/tex/generic/oberdiek/kvdefinekeys.sty
Package: kvdefinekeys 2011/04/07 v1.3 Define keys (HO)
))
(/usr/share/texlive/texmf-dist/tex/latex/oberdiek/kvoptions.sty
Package: kvoptions 2011/06/30 v3.11 Key value format for package options (HO)

(/usr/share/texlive/texmf-dist/tex/generic/oberdiek/kvsetkeys.sty
Package: kvsetkeys 2012/04/25 v1.16 Key value parser (HO)

(/usr/share/texlive/texmf-dist/tex/generic/oberdiek/etexcmds.sty
Package: etexcmds 2011/02/16 v1.5 Avoid name clashes with e-TeX commands (HO)
Package etexcmds Info: Could not find \expanded.
(etexcmds)             That can mean that you are not using pdfTeX 1.50 or
(etexcmds)             that some package has redefined \expanded.
(etexcmds)             In the latter case, load this package earlier.
)))
Package grfext Info: Graphics extension search list:
(grfext)             [.png,.pdf,.jpg,.mps,.jpeg,.jbig2,.jb2,.PNG,.PDF,.JPG,.JPE
G,.JBIG2,.JB2,.eps]
(grfext)             \AppendGraphicsExtensions on input line 452.

(/usr/share/texlive/texmf-dist/tex/latex/latexconfig/epstopdf-sys.cfg
File: epstopdf-sys.cfg 2010/07/13 v1.3 Configuration of (r)epstopdf for TeX Liv
e
))
LaTeX Font Info:    Try loading font information for T1+cmss on input line 17.

(/usr/share/texlive/texmf-dist/tex/latex/base/t1cmss.fd
File: t1cmss.fd 2014/09/29 v2.5h Standard LaTeX font definitions
)
LaTeX Font Info:    Try loading font information for U+msa on input line 17.

(/usr/share/texlive/texmf-dist/tex/latex/amsfonts/umsa.fd
File: umsa.fd 2013/01/14 v3.01 AMS symbols A
)
LaTeX Font Info:    Try loading font information for U+msb on input line 17.

(/usr/share/texlive/texmf-dist/tex/latex/amsfonts/umsb.fd
File: umsb.fd 2013/01/14 v3.01 AMS symbols B
)
LaTeX Font Info:    Try loading font information for U+rsfs on input line 17.

(/usr/share/texlive/texmf-dist/tex/latex/jknapltx/ursfs.fd
File: ursfs.fd 1998/03/24 rsfs font definition file (jk)
) [1


{/var/lib/texmf/fonts/map/pdftex/updmap/pdftex.map}] (./Thesis.toc [2])
\tf@toc=\write3
\openout3 = `Thesis.toc'.

 [3] [1] [2]
<figures/Ambiguity.pdf, id=30, 1132.23pt x 550.055pt>
File: figures/Ambiguity.pdf Graphic file (type pdf)

<use figures/Ambiguity.pdf>
Package pdftex.def Info: figures/Ambiguity.pdf used on input line 65.
(pdftex.def)             Requested size: 292.7776pt x 142.23036pt.
 [3 <./figures/Ambiguity.pdf

pdfTeX warning: pdflatex (file ./figures/Ambiguity.pdf): PDF inclusion: invalid
 other resource which is no dict (key 'ProcSets', type <array>); ignored.
>] <figures/SaddleCandidatesCrop.pdf, id=43, 442.65375pt x 276.03125pt>
File: figures/SaddleCandidatesCrop.pdf Graphic file (type pdf)

<use figures/SaddleCandidatesCrop.pdf>
Package pdftex.def Info: figures/SaddleCandidatesCrop.pdf used on input line 89
.
(pdftex.def)             Requested size: 376.42744pt x 234.74559pt.
 [4] [5 <./figures/SaddleCandidatesCrop.pdf>] <figures/ConnectedSaddleCandidate
s.pdf, id=73, 428.60126pt x 276.03125pt>
File: figures/ConnectedSaddleCandidates.pdf Graphic file (type pdf)

<use figures/ConnectedSaddleCandidates.pdf>
Package pdftex.def Info: figures/ConnectedSaddleCandidates.pdf used on input li
ne 119.
(pdftex.def)             Requested size: 376.42744pt x 242.4323pt.


LaTeX Warning: `!h' float specifier changed to `!ht'.

[6] [7 <./figures/ConnectedSaddleCandidates.pdf

pdfTeX warning: pdflatex (file ./figures/ConnectedSaddleCandidates.pdf): PDF in
clusion: invalid other resource which is no dict (key 'ProcSets', type <array>)
; ignored.
>] [8] [9] [10]
<figures/AscendingManifold.pdf, id=110, 436.63126pt x 297.11pt>
File: figures/AscendingManifold.pdf Graphic file (type pdf)

<use figures/AscendingManifold.pdf>
Package pdftex.def Info: figures/AscendingManifold.pdf used on input line 187.
(pdftex.def)             Requested size: 376.42744pt x 256.1443pt.
 [11 <./figures/AscendingManifold.pdf

pdfTeX warning: pdflatex (file ./figures/AscendingManifold.pdf): PDF inclusion:
 invalid other resource which is no dict (key 'ProcSets', type <array>); ignore
d.
>] [12] [13] <figures/ContractedSaddle.pdf, id=141, 428.60126pt x 290.08376pt>
File: figures/ContractedSaddle.pdf Graphic file (type pdf)

<use figures/ContractedSaddle.pdf>
Package pdftex.def Info: figures/ContractedSaddle.pdf used on input line 233.
(pdftex.def)             Requested size: 334.60571pt x 226.46802pt.
 [14 <./figures/ContractedSaddle.pdf

pdfTeX warning: pdflatex (file ./figures/ContractedSaddle.pdf): PDF inclusion: 
invalid other resource which is no dict (key 'ProcSets', type <array>); ignored
.
>] <figures/MultiVisit.pdf, id=166, 202.7575pt x 203.76125pt>
File: figures/MultiVisit.pdf Graphic file (type pdf)

<use figures/MultiVisit.pdf>
Package pdftex.def Info: figures/MultiVisit.pdf used on input line 251.
(pdftex.def)             Requested size: 209.12778pt x 210.16867pt.


LaTeX Warning: `!h' float specifier changed to `!ht'.

[15] [16 <./figures/MultiVisit.pdf

pdfTeX warning: pdflatex (file ./figures/MultiVisit.pdf): PDF inclusion: invali
d other resource which is no dict (key 'ProcSets', type <array>); ignored.
>] [17] <figures/Unnes.pdf, id=192, 467.7475pt x 290.08376pt>
File: figures/Unnes.pdf Graphic file (type pdf)

<use figures/Unnes.pdf>
Package pdftex.def Info: figures/Unnes.pdf used on input line 295.
(pdftex.def)             Requested size: 334.60571pt x 207.52339pt.
 [18 <./figures/Unnes.pdf

pdfTeX warning: pdflatex (file ./figures/Unnes.pdf): PDF inclusion: invalid oth
er resource which is no dict (key 'ProcSets', type <array>); ignored.
>] [19] [20] [21] [22]
Overfull \hbox (37.1469pt too wide) in paragraph at lines 367--368
[]\T1/cmr/m/n/10.95 In ac-cor-dance to those con-sid-er-a-tions boost::flat_set
 out-per-formed std::set, std::unordered_set
 []

[23] <figures/datscale.pdf, id=234, 670.78418pt x 485.23344pt>
File: figures/datscale.pdf Graphic file (type pdf)

<use figures/datscale.pdf>
Package pdftex.def Info: figures/datscale.pdf used on input line 382.
(pdftex.def)             Requested size: 397.34149pt x 287.42548pt.


LaTeX Warning: `h' float specifier changed to `ht'.

[24] [25 <./figures/datscale.pdf>]
<figures/resscale.pdf, id=295, 697.58745pt x 484.93546pt>
File: figures/resscale.pdf Graphic file (type pdf)

<use figures/resscale.pdf>
Package pdftex.def Info: figures/resscale.pdf used on input line 396.
(pdftex.def)             Requested size: 397.34149pt x 276.2237pt.
 [26 <./figures/resscale.pdf>]
<figures/runtime.pdf, id=337, 390.73793pt x 264.6255pt>
File: figures/runtime.pdf Graphic file (type pdf)

<use figures/runtime.pdf>
Package pdftex.def Info: figures/runtime.pdf used on input line 414.
(pdftex.def)             Requested size: 355.51976pt x 240.78534pt.
 [27 <./figures/runtime.pdf>] [28] [29] [30] [31]
<figures/gruntime.pdf, id=399, 532.04926pt x 264.6255pt>
File: figures/gruntime.pdf Graphic file (type pdf)

<use figures/gruntime.pdf>
Package pdftex.def Info: figures/gruntime.pdf used on input line 468.
(pdftex.def)             Requested size: 397.34149pt x 197.62875pt.


Package natbib Warning: Citation `origin' on page 32 undefined on input line 48
1.

[32 <./figures/gruntime.pdf>] (./Thesis.bbl [33])

Package natbib Warning: There were undefined citations.

[34] (./Thesis.aux)

LaTeX Warning: There were multiply-defined labels.

 ) 
Here is how much of TeX's memory you used:
 4656 strings out of 494901
 68654 string characters out of 6178618
 186274 words of memory out of 5000000
 7870 multiletter control sequences out of 15000+600000
 18751 words of font info for 58 fonts, out of 8000000 for 9000
 14 hyphenation exceptions out of 8191
 47i,7n,46p,1498b,254s stack positions out of 5000i,500n,10000p,200000b,80000s
 </home/kwerner/.texmf-var/fonts/pk/ljfour/jknappen/ec/ecti1095.600pk> </home
/kwerner/.texmf-var/fonts/pk/ljfour/jknappen/ec/ecbx1095.600pk> </home/kwerner/
.texmf-var/fonts/pk/ljfour/jknappen/ec/ecsx1095.600pk> </home/kwerner/.texmf-va
r/fonts/pk/ljfour/jknappen/ec/ecsx1440.600pk> </home/kwerner/.texmf-var/fonts/p
k/ljfour/jknappen/ec/ecrm1095.600pk> </home/kwerner/.texmf-var/fonts/pk/ljfour/
jknappen/ec/ecrm1440.600pk> </home/kwerner/.texmf-var/fonts/pk/ljfour/jknappen/
ec/ecsx1200.600pk> </home/kwerner/.texmf-var/fonts/pk/ljfour/jknappen/ec/ecsx20
74.600pk></usr/share/texlive/texmf-dist/fonts/type1/public/amsfonts/cm/cmmi10.p
fb></usr/share/texlive/texmf-dist/fonts/type1/public/amsfonts/cm/cmmi8.pfb></us
r/share/texlive/texmf-dist/fonts/type1/public/amsfonts/cm/cmr10.pfb></usr/share
/texlive/texmf-dist/fonts/type1/public/amsfonts/cm/cmr8.pfb></usr/share/texlive
/texmf-dist/fonts/type1/public/amsfonts/cm/cmsy10.pfb></usr/share/texlive/texmf
-dist/fonts/type1/public/amsfonts/cm/cmsy8.pfb>
Output written on Thesis.pdf (37 pages, 563105 bytes).
PDF statistics:
 835 PDF objects out of 1000 (max. 8388607)
 251 compressed objects within 3 object streams
 0 named destinations out of 1000 (max. 500000)
 56 words of extra memory for PDF output out of 10000 (max. 10000000)

